<?xml version="1.0" encoding="UTF-8"?>
<testsuite xmlns:xsi="http://www.w3.org/2001/XMLSchema-instance" xsi:noNamespaceSchemaLocation="https://maven.apache.org/surefire/maven-surefire-plugin/xsd/surefire-test-report-3.0.xsd" version="3.0" name="com.example.ZATSTest" time="0.699" tests="2" errors="0" skipped="0" failures="0">
  <properties>
[...]
</properties>
  <testcase name="testComponentsExist" classname="com.example.ZATSTest" time="0.158">
    <system-err><![CDATA[[main] INFO org.eclipse.jetty.util.log - Logging initialized @163ms to org.eclipse.jetty.util.log.Slf4jLog
[main] INFO org.eclipse.jetty.server.Server - jetty-9.4.7.v20170914
[main] INFO org.eclipse.jetty.webapp.StandardDescriptorProcessor - NO JSP Support for /, did not find org.eclipse.jetty.jsp.JettyJspServlet
[main] INFO org.eclipse.jetty.server.session - DefaultSessionIdManager workerName=node0
[main] INFO org.eclipse.jetty.server.session - No SessionScavenger set, using defaults
[main] INFO org.eclipse.jetty.server.session - Scavenging every 660000ms
[main] INFO org.zkoss.zk.ui.http.WebManager - Starting ZK 9.6.0.2 CE (build: 2022052709)
[main] INFO org.zkoss.zk.ui.sys.ConfigParser - Loading system default
[main] INFO org.zkoss.zk.ui.sys.ConfigParser - Parsing jar:file:/C:/Users/nekta/.m2/repository/org/zkoss/zk/zul/9.6.0.2/zul-9.6.0.2.jar!/metainfo/zk/zk.xml
[main] INFO org.zkoss.zk.ui.sys.ConfigParser - Parsing jar:file:/C:/Users/nekta/.m2/repository/org/zkoss/zats/zats-mimic/2.0.0/zats-mimic-2.0.0.jar!/metainfo/zk/zk.xml
[main] INFO org.zkoss.zk.ui.sys.ConfigParser - Parsing jar:file:/C:/Users/nekta/.m2/repository/org/zkoss/zats/zats-mimic/2.0.0/zats-mimic-2.0.0.jar!/org/zkoss/zats/mimic/impl/WEB-INF/zk.xml
[main] INFO org.eclipse.jetty.server.handler.ContextHandler - Started o.e.j.w.WebAppContext@cb191ca{/,[jar:file:/C:/Users/nekta/.m2/repository/org/zkoss/zats/zats-mimic/2.0.0/zats-mimic-2.0.0.jar!/org/zkoss/zats/mimic/impl/, file:///C:/Users/nekta/Documents/zats/src/main/webapp/],AVAILABLE}
[main] INFO org.eclipse.jetty.server.AbstractConnector - Started ServerConnector@485a3466{HTTP/1.1,[http/1.1]}{kubernetes.docker.internal:57942}
[main] INFO org.eclipse.jetty.server.Server - Started @642ms
[qtp1586845078-32] INFO org.zkoss.util.resource.impl.LabelLoaderImpl - Loading labels for zh_TW
[qtp1586845078-32] INFO org.zkoss.util.resource.impl.LabelLoaderImpl - Loading labels for zh
]]></system-err>
  </testcase>
  <testcase name="testZATSInitialization" classname="com.example.ZATSTest" time="0.008"/>
</testsuite>